<?xml version="1.0" encoding="UTF-8"?>
<!-- Generated by org.testng.reporters.JUnitReportReporter -->
<testsuite hostname="Admin-PC" name="qaclickacademy.homepage" tests="2" failures="0" timestamp="15 Aug 2020 04:56:52 GMT" time="9.537" errors="0">
  <testcase name="homepageabc" time="6.467" classname="qaclickacademy.homepage"/>
  <testcase name="homepageabc" time="3.070" classname="qaclickacademy.homepage"/>
</testsuite> <!-- qaclickacademy.homepage -->
