<?xml version="1.0" encoding="UTF-8"?>
<!-- Generated by org.testng.reporters.JUnitReportReporter -->
<testsuite hostname="Admin-PC" name="qaclickacademy.homepage" tests="2" failures="0" timestamp="3 May 2020 12:18:35 GMT" time="22.868" errors="0">
  <testcase name="homepageabc" time="13.338" classname="qaclickacademy.homepage"/>
  <testcase name="homepageabc" time="9.530" classname="qaclickacademy.homepage"/>
</testsuite> <!-- qaclickacademy.homepage -->
