<?xml version="1.0" encoding="UTF-8"?>
<!-- Generated by org.testng.reporters.JUnitReportReporter -->
<testsuite hostname="Admin-PC" name="qaclickacademy.AssertionhomepageTitle3" tests="2" failures="0" timestamp="3 May 2020 12:18:35 GMT" time="6.934" errors="0">
  <testcase name="homepageabc" time="6.723" classname="qaclickacademy.AssertionhomepageTitle3"/>
  <testcase name="validateAppTitle" time="0.211" classname="qaclickacademy.AssertionhomepageTitle3"/>
</testsuite> <!-- qaclickacademy.AssertionhomepageTitle3 -->
