<?xml version="1.0" encoding="UTF-8"?>
<!-- Generated by org.testng.reporters.JUnitReportReporter -->
<testsuite hostname="Admin-PC" name="UtilsDatadriven.ExcelDataProvider" tests="2" failures="0" timestamp="16 Sep 2020 10:28:35 GMT" time="25.498" errors="0">
  <testcase name="test1" time="15.823" classname="UtilsDatadriven.ExcelDataProvider"/>
  <testcase name="test1" time="9.675" classname="UtilsDatadriven.ExcelDataProvider"/>
</testsuite> <!-- UtilsDatadriven.ExcelDataProvider -->
