<?xml version="1.0" encoding="UTF-8"?>
<!-- Generated by org.testng.reporters.JUnitReportReporter -->
<testsuite hostname="Admin-PC" name="UtilsDatadriven.ExcelDataProvider2" tests="2" failures="0" timestamp="22 Sep 2020 04:31:15 GMT" time="10.042" errors="0">
  <testcase name="test1" time="4.301" classname="UtilsDatadriven.ExcelDataProvider2"/>
  <testcase name="test1" time="5.741" classname="UtilsDatadriven.ExcelDataProvider2"/>
</testsuite> <!-- UtilsDatadriven.ExcelDataProvider2 -->
