<?xml version="1.0" encoding="UTF-8"?>
<!-- Generated by org.testng.reporters.JUnitReportReporter -->
<testsuite hostname="Admin-PC" name="SeleniumProject.ValidatingNavigationbar" tests="1" failures="0" timestamp="16 Aug 2020 17:02:03 GMT" time="0.124" errors="0">
  <testcase name="barisdisplayed" time="0.124" classname="SeleniumProject.ValidatingNavigationbar"/>
</testsuite> <!-- SeleniumProject.ValidatingNavigationbar -->
